20.7475 	WARNING 	Font Manager failed to load file /System/Library/PrivateFrameworks/FontServices.framework/Resources/Reserved/PingFangUI.ttc
20.8094 	WARNING 	Font Manager failed to load file /System/Library/PrivateFrameworks/FontServices.framework/Resources/Reserved/PingFangUI.ttc
23.0815 	DEBUG 	Fullscreen settings ignored as running in pilot mode.
23.0827 	INFO 	Loaded monitor calibration from ['2025_11_21 10:13']
23.2538 	INFO 	Using renderer 'Apple M1 Max' for graphics
23.2538 	INFO 	OpenGL version supported by driver is 2..
23.2884 	EXP 	Created window1 = Window(allowGUI=False, allowStencil=False, autoLog=True, backendConf=UNKNOWN, backgroundFit=<method-wrapper '__getattribute__' of attributeSetter object at 0x1572a0be0>, backgroundImage=<method-wrapper '__getattribute__' of attributeSetter object at 0x1572a0d90>, bitsMode=UNKNOWN, blendMode='avg', bpc=(8, 8, 8), color=array([1., 1., 1.]), colorSpace='rgb', depthBits=8, fullscr=False, gamma=None, gammaErrorPolicy='raise', infoMsg=UNKNOWN, lms=UNKNOWN, monitor=<psychopy.monitors.calibTools.Monitor object at 0x15730a080>, multiSample=False, name='window1', numSamples=2, pos=[np.float64(356.0), np.float64(191.0)], screen=0, size=array([1600, 1200]), stencilBits=0, stereo=False, title='PsychoPy', units='height', useFBO=True, useRetina=True, viewOri=0.0, viewPos=None, viewScale=None, waitBlanking=True, winType='pyglet')
23.2884 	EXP 	window1: backgroundImage = ''
23.2884 	EXP 	window1: backgroundFit = 'none'
23.3100 	DEBUG 	TextBox2 loaded 1 chars with 0 blanks and 1 valid
23.3228 	DEBUG 	TextBox2 loaded 1 chars with 0 blanks and 1 valid
23.3356 	DEBUG 	TextBox2 loaded 1 chars with 0 blanks and 1 valid
23.3486 	DEBUG 	TextBox2 loaded 1 chars with 0 blanks and 1 valid
23.3615 	DEBUG 	TextBox2 loaded 1 chars with 0 blanks and 1 valid
23.3739 	DEBUG 	TextBox2 loaded 1 chars with 0 blanks and 1 valid
23.3864 	DEBUG 	TextBox2 loaded 1 chars with 0 blanks and 1 valid
23.3992 	DEBUG 	TextBox2 loaded 1 chars with 0 blanks and 1 valid
23.4114 	DEBUG 	TextBox2 loaded 1 chars with 0 blanks and 1 valid
23.4236 	DEBUG 	TextBox2 loaded 1 chars with 0 blanks and 1 valid
23.4362 	DEBUG 	TextBox2 loaded 1 chars with 0 blanks and 1 valid
23.4487 	DEBUG 	TextBox2 loaded 1 chars with 0 blanks and 1 valid
23.4612 	DEBUG 	TextBox2 loaded 1 chars with 0 blanks and 1 valid
23.4737 	DEBUG 	TextBox2 loaded 1 chars with 0 blanks and 1 valid
23.4862 	DEBUG 	TextBox2 loaded 1 chars with 0 blanks and 1 valid
23.4987 	DEBUG 	TextBox2 loaded 1 chars with 0 blanks and 1 valid
23.5113 	DEBUG 	TextBox2 loaded 1 chars with 0 blanks and 1 valid
23.5236 	DEBUG 	TextBox2 loaded 1 chars with 0 blanks and 1 valid
23.5359 	DEBUG 	TextBox2 loaded 1 chars with 0 blanks and 1 valid
23.5486 	DEBUG 	TextBox2 loaded 1 chars with 0 blanks and 1 valid
23.5610 	DEBUG 	TextBox2 loaded 1 chars with 0 blanks and 1 valid
23.5616 	DEBUG 	Uploading Texture Font fontname to graphics card
23.5661 	DEBUG 	Upload of Texture Font fontname complete
23.5839 	DEBUG 	TextBox2 loaded 1 chars with 0 blanks and 1 valid
23.5967 	DEBUG 	TextBox2 loaded 1 chars with 0 blanks and 1 valid
23.6094 	DEBUG 	TextBox2 loaded 1 chars with 0 blanks and 1 valid
23.6096 	DEBUG 	Uploading Texture Font fontname to graphics card
23.6116 	DEBUG 	Upload of Texture Font fontname complete
23.6130 	EXP 	window1: Attempting to measure frame rate of screen (0) ...
23.6130 	EXP 	window1: recordFrameIntervals = False
23.7485 	EXP 	window1: recordFrameIntervals = True
24.5953 	WARNING 	Couldn't measure a consistent frame rate!
  - Is your graphics card set to sync to vertical blank?
  - Are you running other processes on your computer?

24.6185 	DEBUG 	TextBox2 loaded 1 chars with 0 blanks and 1 valid
24.6324 	DEBUG 	TextBox2 loaded 1 chars with 0 blanks and 1 valid
24.6454 	DEBUG 	TextBox2 loaded 1 chars with 0 blanks and 1 valid
24.6583 	DEBUG 	TextBox2 loaded 1 chars with 0 blanks and 1 valid
24.6711 	DEBUG 	TextBox2 loaded 1 chars with 0 blanks and 1 valid
24.6839 	DEBUG 	TextBox2 loaded 1 chars with 0 blanks and 1 valid
24.6961 	DEBUG 	TextBox2 loaded 1 chars with 0 blanks and 1 valid
24.7088 	DEBUG 	TextBox2 loaded 1 chars with 0 blanks and 1 valid
24.7215 	DEBUG 	TextBox2 loaded 1 chars with 0 blanks and 1 valid
24.7342 	DEBUG 	TextBox2 loaded 1 chars with 0 blanks and 1 valid
24.7345 	DEBUG 	Uploading Texture Font fontname to graphics card
24.7371 	DEBUG 	Upload of Texture Font fontname complete
25.2686 	INFO 	keyboard.Keyboard is using ptb backend.
25.2686 	EXP 	untitled: status = STARTED
25.2914 	EXP 	Created image = ImageStim(__class__=<class 'psychopy.visual.image.ImageStim'>, anchor=('center', 'center'), autoLog=True, color=array([1., 1., 1.]), colorSpace='rgb', contrast=1.0, depth=0.0, draggable=False, flipHoriz=np.False_, flipVert=np.False_, image='images/132 .png', interpolate=True, mask=None, maskParams=None, name='image', opacity=1, ori=0.0, pos=array([0., 0.]), size=array([0.32833333, 0.46833333]), texRes=128.0, units='height', win=Window(...))
25.3140 	EXP 	Created signal = TextStim(__class__=<class 'psychopy.visual.text.TextStim'>, alignHoriz=method-wrapper(...), alignText='center', alignVert=method-wrapper(...), anchorHoriz='center', anchorVert='center', antialias=True, autoDraw=False, autoLog=True, bold=False, color=array([ 1., -1., -1.]), colorSpace='rgb', contrast=1.0, depth=-1.0, draggable=False, flipHoriz=False, flipVert=False, font='Arial', fontFiles=[], height=np.float64(0.05), italic=False, languageStyle='LTR', name='signal', opacity=1, ori=0.0, pos=array([0., 0.]), rgb=UNKNOWN, text='lamp', units='height', win=Window(...), wrapWidth=1)
0.0142 	EXP 	image: autoDraw = True
0.4010 	EXP 	signal: autoDraw = True
5.9929 	EXP 	signal: autoDraw = False
6.0176 	EXP 	image: autoDraw = False
6.0176 	EXP 	signal: autoDraw = False
6.0191 	EXP 	untitled: status = STOPPED
6.0203 	INFO 	saved data to "/Users/thomasmorton/Allie'sExp/data/pilot_untitled_2025-11-21_10h27.44.536.csv"
6.0206 	INFO 	saved data to /Users/thomasmorton/Allie'sExp/data/pilot_untitled_2025-11-21_10h27.44.536.psydat
6.2143 	DEBUG 	Saving data for untitled ExperimentHandler
6.2170 	WARNING 	Stopping key buffers but this could be dangerous ifother keyboards rely on the same.
